
 Error Code42S22 ErrorDetail Unknown column 'adsize' in 'field list' on occured at Wed04-05-202202:49:38PM in file C:\wamp64\www\cwh\project\admin\submit\insert_category.php at lineno 0
 Error Code42S22 ErrorDetail Unknown column 'adsize' in 'field list' on occured at Wed04-05-202202:49:43PM in file C:\wamp64\www\cwh\project\admin\submit\insert_category.php at lineno 0
 Error Code42S22 ErrorDetail Unknown column 'sampleimage' in 'field list' on occured at Wed04-05-202202:53:25PM in file C:\wamp64\www\cwh\project\admin\submit\insert_category.php at lineno 0
 Error Code42S22 ErrorDetail Unknown column 'sampleimage' in 'field list' on occured at Wed04-05-202202:56:04PM in file C:\wamp64\www\cwh\project\admin\submit\insert_category.php at lineno 0
 Error Code42S02 ErrorDetail Table 'advertise.cetegory' doesn't exist on occured at Sat28-05-202202:48:45PM in file C:\wamp64\www\cwh\project\admin\cetegory_delete.php at lineno 0
 Error Code42S02 ErrorDetail Table 'advertise.cetegory' doesn't exist on occured at Sat28-05-202202:48:48PM in file C:\wamp64\www\cwh\project\admin\cetegory_delete.php at lineno 0
 Error Code42S02 ErrorDetail Table 'advertise.cetegory' doesn't exist on occured at Sat28-05-202202:48:54PM in file C:\wamp64\www\cwh\project\admin\cetegory_delete.php at lineno 0
 Error Code42S02 ErrorDetail Table 'advertise.cetegory' doesn't exist on occured at Sat28-05-202202:48:57PM in file C:\wamp64\www\cwh\project\admin\cetegory_delete.php at lineno 0
 Error Code42S02 ErrorDetail Table 'advertise.cetegory' doesn't exist on occured at Sat28-05-202202:52:23PM in file C:\wamp64\www\cwh\project\admin\cetegory_delete.php at lineno 0
 Error Code42S02 ErrorDetail Table 'advertise.cetegory' doesn't exist on occured at Sat28-05-202202:52:57PM in file C:\wamp64\www\cwh\project\admin\cetegory_delete.php at lineno 0
 Error Code42S02 ErrorDetail Table 'advertise.cetegory' doesn't exist on occured at Sat28-05-202202:53:05PM in file C:\wamp64\www\cwh\project\admin\cetegory_delete.php at lineno 0
 Error Code42S02 ErrorDetail Table 'advertise.cetegory' doesn't exist on occured at Sat28-05-202202:53:06PM in file C:\wamp64\www\cwh\project\admin\cetegory_delete.php at lineno 0
 Error Code42S02 ErrorDetail Table 'advertise.cetegory' doesn't exist on occured at Sat28-05-202202:53:06PM in file C:\wamp64\www\cwh\project\admin\cetegory_delete.php at lineno 0
 Error Code42S02 ErrorDetail Table 'advertise.cetegory' doesn't exist on occured at Sat28-05-202202:53:06PM in file C:\wamp64\www\cwh\project\admin\cetegory_delete.php at lineno 0
 Error Code42000 ErrorDetail You have an error in your SQL syntax; check the manual that corresponds to your MySQL server version for the right syntax to use near '?,?,?,?)' at line 1 on occured at Sat06-08-202211:54:09AM in file connection.php at lineno 0
 Error Code42000 ErrorDetail You have an error in your SQL syntax; check the manual that corresponds to your MySQL server version for the right syntax to use near '?,?,?,?)' at line 1 on occured at Sat06-08-202212:14:16PM in file connection.php at lineno 0
 Error Code42000 ErrorDetail You have an error in your SQL syntax; check the manual that corresponds to your MySQL server version for the right syntax to use near '?,?,?,?)' at line 1 on occured at Sat06-08-202201:29:35PM in file connection.php at lineno 0
 Error Code42000 ErrorDetail You have an error in your SQL syntax; check the manual that corresponds to your MySQL server version for the right syntax to use near '?,?,?,?)' at line 1 on occured at Sat06-08-202201:29:38PM in file connection.php at lineno 0
 Error Code42000 ErrorDetail You have an error in your SQL syntax; check the manual that corresponds to your MySQL server version for the right syntax to use near '?,?,?,?)' at line 1 on occured at Sat06-08-202201:37:17PM in file connection.php at lineno 0
 Error Code42000 ErrorDetail You have an error in your SQL syntax; check the manual that corresponds to your MySQL server version for the right syntax to use near '?,?,?,?)' at line 1 on occured at Sat06-08-202201:38:34PM in file connection.php at lineno 0
 Error Code42S02 ErrorDetail Table 'advertise.student' doesn't exist on occured at Sat06-08-202201:38:44PM in file connection.php at lineno 0
 Error Code42000 ErrorDetail You have an error in your SQL syntax; check the manual that corresponds to your MySQL server version for the right syntax to use near '?,?,?,?)' at line 1 on occured at Sat06-08-202201:56:38PM in file connection.php at lineno 0
 Error Code42000 ErrorDetail You have an error in your SQL syntax; check the manual that corresponds to your MySQL server version for the right syntax to use near '?,?,?,?)' at line 1 on occured at Sat06-08-202201:57:57PM in file connection.php at lineno 0
 Error Code42S02 ErrorDetail Table 'advertise.student' doesn't exist on occured at Sat06-08-202201:58:15PM in file connection.php at lineno 0
 Error Code42S02 ErrorDetail Table 'advertise.student' doesn't exist on occured at Sat06-08-202201:58:36PM in file connection.php at lineno 0
 Error Code42S02 ErrorDetail Table 'advertise.student' doesn't exist on occured at Sat06-08-202202:00:57PM in file connection.php at lineno 0
 Error Code42S02 ErrorDetail Table 'advertise.student' doesn't exist on occured at Sat06-08-202202:01:37PM in file connection.php at lineno 0
 Error Code42S02 ErrorDetail Table 'advertise.student' doesn't exist on occured at Sat06-08-202202:36:18PM in file connection.php at lineno 0
 Error Code42S02 ErrorDetail Table 'advertise.student' doesn't exist on occured at Sat06-08-202202:37:32PM in file connection.php at lineno 0
 Error Code42000 ErrorDetail You have an error in your SQL syntax; check the manual that corresponds to your MySQL server version for the right syntax to use near 'whare id='8'' at line 1 on occured at Sat06-08-202202:54:48PM in file connection.php at lineno 0
 Error Code42000 ErrorDetail You have an error in your SQL syntax; check the manual that corresponds to your MySQL server version for the right syntax to use near 'whare id='13'' at line 1 on occured at Sat06-08-202203:25:50PM in file connection.php at lineno 0
 Error Code42000 ErrorDetail You have an error in your SQL syntax; check the manual that corresponds to your MySQL server version for the right syntax to use near 'whare id='14'' at line 1 on occured at Sat06-08-202203:27:22PM in file connection.php at lineno 0
 Error Code42000 ErrorDetail You have an error in your SQL syntax; check the manual that corresponds to your MySQL server version for the right syntax to use near 'whare id='14'' at line 1 on occured at Sat06-08-202203:27:28PM in file connection.php at lineno 0
 Error Code42000 ErrorDetail You have an error in your SQL syntax; check the manual that corresponds to your MySQL server version for the right syntax to use near 'whare id='15'' at line 1 on occured at Sat06-08-202203:27:37PM in file connection.php at lineno 0
 Error Code42000 ErrorDetail You have an error in your SQL syntax; check the manual that corresponds to your MySQL server version for the right syntax to use near 'whare id='15'' at line 1 on occured at Sat06-08-202203:27:47PM in file connection.php at lineno 0
 Error Code42000 ErrorDetail You have an error in your SQL syntax; check the manual that corresponds to your MySQL server version for the right syntax to use near 'whare id='21'' at line 1 on occured at Sat06-08-202203:31:18PM in file connection.php at lineno 0
 Error Code42000 ErrorDetail You have an error in your SQL syntax; check the manual that corresponds to your MySQL server version for the right syntax to use near 'whare id='20'' at line 1 on occured at Sat06-08-202203:31:27PM in file connection.php at lineno 0
 Error Code42000 ErrorDetail You have an error in your SQL syntax; check the manual that corresponds to your MySQL server version for the right syntax to use near 'whare id='21'' at line 1 on occured at Sat06-08-202203:31:33PM in file connection.php at lineno 0
 Error Code42000 ErrorDetail You have an error in your SQL syntax; check the manual that corresponds to your MySQL server version for the right syntax to use near 'whare id='23'' at line 1 on occured at Sat06-08-202203:41:02PM in file connection.php at lineno 0
 Error Code42000 ErrorDetail You have an error in your SQL syntax; check the manual that corresponds to your MySQL server version for the right syntax to use near 'whare id='32'' at line 1 on occured at Sat06-08-202203:43:14PM in file connection.php at lineno 0
 Error Code42000 ErrorDetail You have an error in your SQL syntax; check the manual that corresponds to your MySQL server version for the right syntax to use near 'whare id='47'' at line 1 on occured at Sat06-08-202204:08:51PM in file connection.php at lineno 0
 Error Code42000 ErrorDetail You have an error in your SQL syntax; check the manual that corresponds to your MySQL server version for the right syntax to use near 'whare id='49'' at line 1 on occured at Sat06-08-202206:27:30PM in file connection.php at lineno 0
 Error Code42000 ErrorDetail You have an error in your SQL syntax; check the manual that corresponds to your MySQL server version for the right syntax to use near 'whare id='49'' at line 1 on occured at Sat06-08-202206:27:35PM in file connection.php at lineno 0
 Error Code42000 ErrorDetail You have an error in your SQL syntax; check the manual that corresponds to your MySQL server version for the right syntax to use near 'whare id='49'' at line 1 on occured at Sat06-08-202206:27:39PM in file connection.php at lineno 0
 Error Code42000 ErrorDetail You have an error in your SQL syntax; check the manual that corresponds to your MySQL server version for the right syntax to use near 'whare id='50'' at line 1 on occured at Sat06-08-202207:44:21PM in file connection.php at lineno 0
 Error Code42000 ErrorDetail You have an error in your SQL syntax; check the manual that corresponds to your MySQL server version for the right syntax to use near 'whare id='50'' at line 1 on occured at Sat06-08-202207:44:29PM in file connection.php at lineno 0
 Error Code42000 ErrorDetail You have an error in your SQL syntax; check the manual that corresponds to your MySQL server version for the right syntax to use near 'whare id='50'' at line 1 on occured at Sat06-08-202208:33:58PM in file connection.php at lineno 0